2024-06-26  9:34:53 0 [Note] Starting MariaDB 10.4.32-MariaDB source revision c4143f909528e3fab0677a28631d10389354c491 as process 13104
2024-06-26  9:34:53 0 [Note] InnoDB: Mutexes and rw_locks use Windows interlocked functions
2024-06-26  9:34:53 0 [Note] InnoDB: Uses event mutexes
2024-06-26  9:34:53 0 [Note] InnoDB: Compressed tables use zlib 1.3
2024-06-26  9:34:53 0 [Note] InnoDB: Number of pools: 1
2024-06-26  9:34:53 0 [Note] InnoDB: Using SSE2 crc32 instructions
2024-06-26  9:34:53 0 [Note] InnoDB: Initializing buffer pool, total size = 16M, instances = 1, chunk size = 16M
2024-06-26  9:34:53 0 [Note] InnoDB: Completed initialization of buffer pool
2024-06-26  9:34:53 0 [Note] InnoDB: Starting crash recovery from checkpoint LSN=300288
2024-06-26  9:34:54 0 [Note] InnoDB: 128 out of 128 rollback segments are active.
2024-06-26  9:34:54 0 [Note] InnoDB: Removed temporary tablespace data file: "ibtmp1"
2024-06-26  9:34:54 0 [Note] InnoDB: Creating shared tablespace for temporary tables
2024-06-26  9:34:54 0 [Note] InnoDB: Setting file 'C:\xampp\mysql\data\ibtmp1' size to 12 MB. Physically writing the file full; Please wait ...
2024-06-26  9:34:54 0 [Note] InnoDB: File 'C:\xampp\mysql\data\ibtmp1' size is now 12 MB.
2024-06-26  9:34:54 0 [Note] InnoDB: Waiting for purge to start
2024-06-26  9:34:54 0 [Note] InnoDB: 10.4.32 started; log sequence number 300297; transaction id 170
2024-06-26  9:34:54 0 [Note] InnoDB: Loading buffer pool(s) from C:\xampp\mysql\data\ib_buffer_pool
2024-06-26  9:34:54 0 [Note] Plugin 'FEEDBACK' is disabled.
2024-06-26  9:34:54 0 [Note] InnoDB: Buffer pool(s) load completed at 240626  9:34:54
2024-06-26  9:34:54 0 [Note] Server socket created on IP: '::'.
2025-01-22  8:56:03 0 [Note] Starting MariaDB 10.4.32-MariaDB source revision c4143f909528e3fab0677a28631d10389354c491 as process 2756
2025-01-22  8:56:03 0 [Note] InnoDB: Mutexes and rw_locks use Windows interlocked functions
2025-01-22  8:56:03 0 [Note] InnoDB: Uses event mutexes
2025-01-22  8:56:03 0 [Note] InnoDB: Compressed tables use zlib 1.3
2025-01-22  8:56:03 0 [Note] InnoDB: Number of pools: 1
2025-01-22  8:56:03 0 [Note] InnoDB: Using SSE2 crc32 instructions
2025-01-22  8:56:03 0 [Note] InnoDB: Initializing buffer pool, total size = 16M, instances = 1, chunk size = 16M
2025-01-22  8:56:03 0 [Note] InnoDB: Completed initialization of buffer pool
2025-01-22  8:56:03 0 [Note] InnoDB: Starting crash recovery from checkpoint LSN=300306
2025-01-22  8:56:03 0 [Note] InnoDB: 128 out of 128 rollback segments are active.
2025-01-22  8:56:03 0 [Note] InnoDB: Removed temporary tablespace data file: "ibtmp1"
2025-01-22  8:56:03 0 [Note] InnoDB: Creating shared tablespace for temporary tables
2025-01-22  8:56:03 0 [Note] InnoDB: Setting file 'C:\xampp\mysql\data\ibtmp1' size to 12 MB. Physically writing the file full; Please wait ...
2025-01-22  8:56:03 0 [Note] InnoDB: File 'C:\xampp\mysql\data\ibtmp1' size is now 12 MB.
2025-01-22  8:56:03 0 [Note] InnoDB: Waiting for purge to start
2025-01-22  8:56:03 0 [Note] InnoDB: 10.4.32 started; log sequence number 300315; transaction id 170
2025-01-22  8:56:03 0 [Note] InnoDB: Loading buffer pool(s) from C:\xampp\mysql\data\ib_buffer_pool
2025-01-22  8:56:03 0 [Note] Plugin 'FEEDBACK' is disabled.
2025-01-22  8:56:03 0 [Note] InnoDB: Buffer pool(s) load completed at 250122  8:56:03
2025-01-22  8:56:03 0 [Note] Server socket created on IP: '::'.
2025-01-22 14:32:20 0 [Note] Starting MariaDB 10.4.32-MariaDB source revision c4143f909528e3fab0677a28631d10389354c491 as process 20092
2025-01-22 14:32:20 0 [Note] mysqld.exe: Aria engine: starting recovery
recovered pages: 0% 20% 100% (0.0 seconds); tables to flush: 1 0
 (0.0 seconds); 
2025-01-22 14:32:20 0 [Note] mysqld.exe: Aria engine: recovery done
2025-01-22 14:32:20 0 [Note] InnoDB: Mutexes and rw_locks use Windows interlocked functions
2025-01-22 14:32:20 0 [Note] InnoDB: Uses event mutexes
2025-01-22 14:32:20 0 [Note] InnoDB: Compressed tables use zlib 1.3
2025-01-22 14:32:20 0 [Note] InnoDB: Number of pools: 1
2025-01-22 14:32:20 0 [Note] InnoDB: Using SSE2 crc32 instructions
2025-01-22 14:32:20 0 [Note] InnoDB: Initializing buffer pool, total size = 16M, instances = 1, chunk size = 16M
2025-01-22 14:32:20 0 [Note] InnoDB: Completed initialization of buffer pool
2025-01-22 14:32:20 0 [Note] InnoDB: Starting crash recovery from checkpoint LSN=7601141
2025-01-22 14:32:20 0 [Note] InnoDB: 128 out of 128 rollback segments are active.
2025-01-22 14:32:20 0 [Note] InnoDB: Removed temporary tablespace data file: "ibtmp1"
2025-01-22 14:32:20 0 [Note] InnoDB: Creating shared tablespace for temporary tables
2025-01-22 14:32:20 0 [Note] InnoDB: Setting file 'C:\xampp\mysql\data\ibtmp1' size to 12 MB. Physically writing the file full; Please wait ...
2025-01-22 14:32:20 0 [Note] InnoDB: File 'C:\xampp\mysql\data\ibtmp1' size is now 12 MB.
2025-01-22 14:32:20 0 [Note] InnoDB: Waiting for purge to start
2025-01-22 14:32:20 0 [Note] InnoDB: 10.4.32 started; log sequence number 7601166; transaction id 5352
2025-01-22 14:32:20 0 [Note] InnoDB: Loading buffer pool(s) from C:\xampp\mysql\data\ib_buffer_pool
2025-01-22 14:32:20 0 [Note] Plugin 'FEEDBACK' is disabled.
2025-01-22 14:32:20 0 [Note] InnoDB: Buffer pool(s) load completed at 250122 14:32:20
2025-01-22 14:32:20 0 [Note] Server socket created on IP: '::'.
2025-01-23  8:33:09 0 [Note] Starting MariaDB 10.4.32-MariaDB source revision c4143f909528e3fab0677a28631d10389354c491 as process 19476
2025-01-23  8:33:09 0 [Note] mysqld.exe: Aria engine: starting recovery
recovered pages: 0% 100% (0.0 seconds); 
2025-01-23  8:33:09 0 [Note] mysqld.exe: Aria engine: recovery done
2025-01-23  8:33:09 0 [Note] InnoDB: Mutexes and rw_locks use Windows interlocked functions
2025-01-23  8:33:09 0 [Note] InnoDB: Uses event mutexes
2025-01-23  8:33:09 0 [Note] InnoDB: Compressed tables use zlib 1.3
2025-01-23  8:33:09 0 [Note] InnoDB: Number of pools: 1
2025-01-23  8:33:09 0 [Note] InnoDB: Using SSE2 crc32 instructions
2025-01-23  8:33:09 0 [Note] InnoDB: Initializing buffer pool, total size = 16M, instances = 1, chunk size = 16M
2025-01-23  8:33:09 0 [Note] InnoDB: Completed initialization of buffer pool
2025-01-23  8:33:09 0 [Note] InnoDB: Starting crash recovery from checkpoint LSN=8534711
2025-01-23  8:33:09 0 [Note] InnoDB: 128 out of 128 rollback segments are active.
2025-01-23  8:33:09 0 [Note] InnoDB: Removed temporary tablespace data file: "ibtmp1"
2025-01-23  8:33:09 0 [Note] InnoDB: Creating shared tablespace for temporary tables
2025-01-23  8:33:09 0 [Note] InnoDB: Setting file 'C:\xampp\mysql\data\ibtmp1' size to 12 MB. Physically writing the file full; Please wait ...
2025-01-23  8:33:09 0 [Note] InnoDB: File 'C:\xampp\mysql\data\ibtmp1' size is now 12 MB.
2025-01-23  8:33:09 0 [Note] InnoDB: Waiting for purge to start
2025-01-23  8:33:09 0 [Note] InnoDB: 10.4.32 started; log sequence number 8534720; transaction id 6218
2025-01-23  8:33:09 0 [Note] InnoDB: Loading buffer pool(s) from C:\xampp\mysql\data\ib_buffer_pool
2025-01-23  8:33:09 0 [Note] Plugin 'FEEDBACK' is disabled.
2025-01-23  8:33:09 0 [Note] InnoDB: Buffer pool(s) load completed at 250123  8:33:09
2025-01-23  8:33:09 0 [Note] Server socket created on IP: '::'.
2025-01-23  8:33:14 0 [Note] Starting MariaDB 10.4.32-MariaDB source revision c4143f909528e3fab0677a28631d10389354c491 as process 16392
2025-01-23  8:33:14 0 [Note] InnoDB: Mutexes and rw_locks use Windows interlocked functions
2025-01-23  8:33:14 0 [Note] InnoDB: Uses event mutexes
2025-01-23  8:33:14 0 [Note] InnoDB: Compressed tables use zlib 1.3
2025-01-23  8:33:14 0 [Note] InnoDB: Number of pools: 1
2025-01-23  8:33:14 0 [Note] InnoDB: Using SSE2 crc32 instructions
2025-01-23  8:33:14 0 [Note] InnoDB: Initializing buffer pool, total size = 16M, instances = 1, chunk size = 16M
2025-01-23  8:33:14 0 [Note] InnoDB: Completed initialization of buffer pool
2025-01-23  8:33:14 0 [Note] InnoDB: Starting crash recovery from checkpoint LSN=8534711
2025-01-23  8:33:15 0 [Note] InnoDB: 128 out of 128 rollback segments are active.
2025-01-23  8:33:15 0 [Note] InnoDB: Removed temporary tablespace data file: "ibtmp1"
2025-01-23  8:33:15 0 [Note] InnoDB: Creating shared tablespace for temporary tables
2025-01-23  8:33:15 0 [Note] InnoDB: Setting file 'C:\xampp\mysql\data\ibtmp1' size to 12 MB. Physically writing the file full; Please wait ...
2025-01-23  8:33:15 0 [Note] InnoDB: File 'C:\xampp\mysql\data\ibtmp1' size is now 12 MB.
2025-01-23  8:33:15 0 [Note] InnoDB: Waiting for purge to start
2025-01-23  8:33:15 0 [Note] InnoDB: 10.4.32 started; log sequence number 8534720; transaction id 6218
2025-01-23  8:33:15 0 [Note] InnoDB: Loading buffer pool(s) from C:\xampp\mysql\data\ib_buffer_pool
2025-01-23  8:33:15 0 [Note] Plugin 'FEEDBACK' is disabled.
2025-01-23  8:33:15 0 [Note] Server socket created on IP: '::'.
2025-01-23 15:37:27 0 [Note] Starting MariaDB 10.4.32-MariaDB source revision c4143f909528e3fab0677a28631d10389354c491 as process 10936
2025-01-23 15:37:27 0 [Note] InnoDB: Mutexes and rw_locks use Windows interlocked functions
2025-01-23 15:37:27 0 [Note] InnoDB: Uses event mutexes
2025-01-23 15:37:27 0 [Note] InnoDB: Compressed tables use zlib 1.3
2025-01-23 15:37:27 0 [Note] InnoDB: Number of pools: 1
2025-01-23 15:37:27 0 [Note] InnoDB: Using SSE2 crc32 instructions
2025-01-23 15:37:27 0 [Note] InnoDB: Initializing buffer pool, total size = 16M, instances = 1, chunk size = 16M
2025-01-23 15:37:27 0 [Note] InnoDB: Completed initialization of buffer pool
2025-01-23 15:37:28 0 [Note] InnoDB: Starting crash recovery from checkpoint LSN=24872410
2025-01-23 15:37:28 0 [Note] InnoDB: 128 out of 128 rollback segments are active.
2025-01-23 15:37:28 0 [Note] InnoDB: Removed temporary tablespace data file: "ibtmp1"
2025-01-23 15:37:28 0 [Note] InnoDB: Creating shared tablespace for temporary tables
2025-01-23 15:37:28 0 [Note] InnoDB: Setting file 'C:\xampp\mysql\data\ibtmp1' size to 12 MB. Physically writing the file full; Please wait ...
2025-01-23 15:37:28 0 [Note] InnoDB: File 'C:\xampp\mysql\data\ibtmp1' size is now 12 MB.
2025-01-23 15:37:28 0 [Note] InnoDB: Waiting for purge to start
2025-01-23 15:37:28 0 [Note] InnoDB: 10.4.32 started; log sequence number 24872472; transaction id 13409
2025-01-23 15:37:28 0 [Note] InnoDB: Loading buffer pool(s) from C:\xampp\mysql\data\ib_buffer_pool
2025-01-23 15:37:28 0 [Note] Plugin 'FEEDBACK' is disabled.
2025-01-23 15:37:28 0 [Note] InnoDB: Buffer pool(s) load completed at 250123 15:37:28
2025-01-23 15:37:28 0 [Note] Server socket created on IP: '::'.
2025-01-23 15:38:06 0 [Note] Starting MariaDB 10.4.32-MariaDB source revision c4143f909528e3fab0677a28631d10389354c491 as process 15788
2025-01-23 15:38:06 0 [Note] InnoDB: Mutexes and rw_locks use Windows interlocked functions
2025-01-23 15:38:06 0 [Note] InnoDB: Uses event mutexes
2025-01-23 15:38:06 0 [Note] InnoDB: Compressed tables use zlib 1.3
2025-01-23 15:38:06 0 [Note] InnoDB: Number of pools: 1
2025-01-23 15:38:06 0 [Note] InnoDB: Using SSE2 crc32 instructions
2025-01-23 15:38:06 0 [Note] InnoDB: Initializing buffer pool, total size = 16M, instances = 1, chunk size = 16M
2025-01-23 15:38:06 0 [Note] InnoDB: Completed initialization of buffer pool
2025-01-23 15:38:06 0 [Note] InnoDB: The log sequence number 139827 in the system tablespace does not match the log sequence number 24872564 in the ib_logfiles!
2025-01-23 15:38:06 0 [Note] InnoDB: 128 out of 128 rollback segments are active.
2025-01-23 15:38:06 0 [Note] InnoDB: Removed temporary tablespace data file: "ibtmp1"
2025-01-23 15:38:06 0 [Note] InnoDB: Creating shared tablespace for temporary tables
2025-01-23 15:38:06 0 [Note] InnoDB: Setting file 'C:\xampp\mysql\data\ibtmp1' size to 12 MB. Physically writing the file full; Please wait ...
2025-01-23 15:38:06 0 [Note] InnoDB: File 'C:\xampp\mysql\data\ibtmp1' size is now 12 MB.
2025-01-23 15:38:06 0 [Note] InnoDB: Waiting for purge to start
2025-01-23 15:38:06 0 [Note] InnoDB: 10.4.32 started; log sequence number 24872564; transaction id 13409
2025-01-23 15:38:06 0 [Note] InnoDB: Loading buffer pool(s) from C:\xampp\mysql\data\ib_buffer_pool
2025-01-23 15:38:06 0 [Note] Plugin 'FEEDBACK' is disabled.
2025-01-23 15:38:06 0 [Note] Server socket created on IP: '::'.
2025-01-23 15:46:08 0 [Note] Starting MariaDB 10.4.32-MariaDB source revision c4143f909528e3fab0677a28631d10389354c491 as process 10564
2025-01-23 15:46:08 0 [Note] InnoDB: Mutexes and rw_locks use Windows interlocked functions
2025-01-23 15:46:08 0 [Note] InnoDB: Uses event mutexes
2025-01-23 15:46:08 0 [Note] InnoDB: Compressed tables use zlib 1.3
2025-01-23 15:46:08 0 [Note] InnoDB: Number of pools: 1
2025-01-23 15:46:08 0 [Note] InnoDB: Using SSE2 crc32 instructions
2025-01-23 15:46:08 0 [Note] InnoDB: Initializing buffer pool, total size = 16M, instances = 1, chunk size = 16M
2025-01-23 15:46:08 0 [Note] InnoDB: Completed initialization of buffer pool
2025-01-23 15:46:08 0 [Note] InnoDB: 128 out of 128 rollback segments are active.
2025-01-23 15:46:08 0 [Note] InnoDB: Creating shared tablespace for temporary tables
2025-01-23 15:46:08 0 [Note] InnoDB: Setting file 'C:\xampp\mysql\data\ibtmp1' size to 12 MB. Physically writing the file full; Please wait ...
2025-01-23 15:46:08 0 [Note] InnoDB: File 'C:\xampp\mysql\data\ibtmp1' size is now 12 MB.
2025-01-23 15:46:08 0 [Note] InnoDB: Waiting for purge to start
2025-01-23 15:46:08 0 [Note] InnoDB: 10.4.32 started; log sequence number 24872573; transaction id 13409
2025-01-23 15:46:08 0 [Note] InnoDB: Loading buffer pool(s) from C:\xampp\mysql\data\ib_buffer_pool
2025-01-23 15:46:08 0 [Note] Plugin 'FEEDBACK' is disabled.
2025-01-23 15:46:08 0 [Note] Server socket created on IP: '::'.
2025-01-23 15:46:13 0 [Note] Starting MariaDB 10.4.32-MariaDB source revision c4143f909528e3fab0677a28631d10389354c491 as process 19988
2025-01-23 15:46:13 0 [Note] InnoDB: Mutexes and rw_locks use Windows interlocked functions
2025-01-23 15:46:13 0 [Note] InnoDB: Uses event mutexes
2025-01-23 15:46:13 0 [Note] InnoDB: Compressed tables use zlib 1.3
2025-01-23 15:46:13 0 [Note] InnoDB: Number of pools: 1
2025-01-23 15:46:13 0 [Note] InnoDB: Using SSE2 crc32 instructions
2025-01-23 15:46:13 0 [Note] InnoDB: Initializing buffer pool, total size = 16M, instances = 1, chunk size = 16M
2025-01-23 15:46:13 0 [Note] InnoDB: Completed initialization of buffer pool
2025-01-23 15:46:13 0 [Note] InnoDB: 128 out of 128 rollback segments are active.
2025-01-23 15:46:13 0 [Note] InnoDB: Creating shared tablespace for temporary tables
2025-01-23 15:46:13 0 [Note] InnoDB: Setting file 'C:\xampp\mysql\data\ibtmp1' size to 12 MB. Physically writing the file full; Please wait ...
2025-01-23 15:46:13 0 [Note] InnoDB: File 'C:\xampp\mysql\data\ibtmp1' size is now 12 MB.
2025-01-23 15:46:13 0 [Note] InnoDB: Waiting for purge to start
2025-01-23 15:46:13 0 [Note] InnoDB: 10.4.32 started; log sequence number 24872582; transaction id 13409
2025-01-23 15:46:13 0 [Note] InnoDB: Loading buffer pool(s) from C:\xampp\mysql\data\ib_buffer_pool
2025-01-23 15:46:13 0 [Note] Plugin 'FEEDBACK' is disabled.
2025-01-23 15:46:13 0 [Note] Server socket created on IP: '::'.
2025-01-23 15:46:17 0 [Note] Starting MariaDB 10.4.32-MariaDB source revision c4143f909528e3fab0677a28631d10389354c491 as process 9984
2025-01-23 15:46:17 0 [Note] InnoDB: Mutexes and rw_locks use Windows interlocked functions
2025-01-23 15:46:17 0 [Note] InnoDB: Uses event mutexes
2025-01-23 15:46:17 0 [Note] InnoDB: Compressed tables use zlib 1.3
2025-01-23 15:46:17 0 [Note] InnoDB: Number of pools: 1
2025-01-23 15:46:17 0 [Note] InnoDB: Using SSE2 crc32 instructions
2025-01-23 15:46:17 0 [Note] InnoDB: Initializing buffer pool, total size = 16M, instances = 1, chunk size = 16M
2025-01-23 15:46:17 0 [Note] InnoDB: Completed initialization of buffer pool
2025-01-23 15:46:17 0 [Note] InnoDB: 128 out of 128 rollback segments are active.
2025-01-23 15:46:17 0 [Note] InnoDB: Creating shared tablespace for temporary tables
2025-01-23 15:46:17 0 [Note] InnoDB: Setting file 'C:\xampp\mysql\data\ibtmp1' size to 12 MB. Physically writing the file full; Please wait ...
2025-01-23 15:46:17 0 [Note] InnoDB: File 'C:\xampp\mysql\data\ibtmp1' size is now 12 MB.
2025-01-23 15:46:17 0 [Note] InnoDB: Waiting for purge to start
2025-01-23 15:46:17 0 [Note] InnoDB: 10.4.32 started; log sequence number 24872591; transaction id 13409
2025-01-23 15:46:17 0 [Note] InnoDB: Loading buffer pool(s) from C:\xampp\mysql\data\ib_buffer_pool
2025-01-23 15:46:17 0 [Note] Plugin 'FEEDBACK' is disabled.
2025-01-23 15:46:17 0 [Note] Server socket created on IP: '::'.
2025-01-23 15:46:20 0 [Note] Starting MariaDB 10.4.32-MariaDB source revision c4143f909528e3fab0677a28631d10389354c491 as process 15164
2025-01-23 15:46:20 0 [Note] InnoDB: Mutexes and rw_locks use Windows interlocked functions
2025-01-23 15:46:20 0 [Note] InnoDB: Uses event mutexes
2025-01-23 15:46:20 0 [Note] InnoDB: Compressed tables use zlib 1.3
2025-01-23 15:46:20 0 [Note] InnoDB: Number of pools: 1
2025-01-23 15:46:20 0 [Note] InnoDB: Using SSE2 crc32 instructions
2025-01-23 15:46:20 0 [Note] InnoDB: Initializing buffer pool, total size = 16M, instances = 1, chunk size = 16M
2025-01-23 15:46:20 0 [Note] InnoDB: Completed initialization of buffer pool
2025-01-23 15:46:20 0 [Note] InnoDB: 128 out of 128 rollback segments are active.
2025-01-23 15:46:20 0 [Note] InnoDB: Creating shared tablespace for temporary tables
2025-01-23 15:46:20 0 [Note] InnoDB: Setting file 'C:\xampp\mysql\data\ibtmp1' size to 12 MB. Physically writing the file full; Please wait ...
2025-01-23 15:46:20 0 [Note] InnoDB: File 'C:\xampp\mysql\data\ibtmp1' size is now 12 MB.
2025-01-23 15:46:20 0 [Note] InnoDB: Waiting for purge to start
2025-01-23 15:46:20 0 [Note] InnoDB: 10.4.32 started; log sequence number 24872600; transaction id 13409
2025-01-23 15:46:20 0 [Note] InnoDB: Loading buffer pool(s) from C:\xampp\mysql\data\ib_buffer_pool
2025-01-23 15:46:20 0 [Note] Plugin 'FEEDBACK' is disabled.
2025-01-23 15:46:20 0 [Note] Server socket created on IP: '::'.
2025-01-23 15:46:23 0 [Note] Starting MariaDB 10.4.32-MariaDB source revision c4143f909528e3fab0677a28631d10389354c491 as process 9940
2025-01-23 15:46:23 0 [Note] InnoDB: Mutexes and rw_locks use Windows interlocked functions
2025-01-23 15:46:23 0 [Note] InnoDB: Uses event mutexes
2025-01-23 15:46:23 0 [Note] InnoDB: Compressed tables use zlib 1.3
2025-01-23 15:46:23 0 [Note] InnoDB: Number of pools: 1
2025-01-23 15:46:23 0 [Note] InnoDB: Using SSE2 crc32 instructions
2025-01-23 15:46:23 0 [Note] InnoDB: Initializing buffer pool, total size = 16M, instances = 1, chunk size = 16M
2025-01-23 15:46:23 0 [Note] InnoDB: Completed initialization of buffer pool
2025-01-23 15:46:23 0 [Note] InnoDB: 128 out of 128 rollback segments are active.
2025-01-23 15:46:23 0 [Note] InnoDB: Creating shared tablespace for temporary tables
2025-01-23 15:46:23 0 [Note] InnoDB: Setting file 'C:\xampp\mysql\data\ibtmp1' size to 12 MB. Physically writing the file full; Please wait ...
2025-01-23 15:46:23 0 [Note] InnoDB: File 'C:\xampp\mysql\data\ibtmp1' size is now 12 MB.
2025-01-23 15:46:23 0 [Note] InnoDB: Waiting for purge to start
2025-01-23 15:46:23 0 [Note] InnoDB: 10.4.32 started; log sequence number 24872609; transaction id 13409
2025-01-23 15:46:23 0 [Note] InnoDB: Loading buffer pool(s) from C:\xampp\mysql\data\ib_buffer_pool
2025-01-23 15:46:23 0 [Note] Plugin 'FEEDBACK' is disabled.
2025-01-23 15:46:23 0 [Note] Server socket created on IP: '::'.
2025-01-23 15:46:26 0 [Note] Starting MariaDB 10.4.32-MariaDB source revision c4143f909528e3fab0677a28631d10389354c491 as process 9936
2025-01-23 15:46:26 0 [Note] InnoDB: Mutexes and rw_locks use Windows interlocked functions
2025-01-23 15:46:26 0 [Note] InnoDB: Uses event mutexes
2025-01-23 15:46:26 0 [Note] InnoDB: Compressed tables use zlib 1.3
2025-01-23 15:46:26 0 [Note] InnoDB: Number of pools: 1
2025-01-23 15:46:26 0 [Note] InnoDB: Using SSE2 crc32 instructions
2025-01-23 15:46:26 0 [Note] InnoDB: Initializing buffer pool, total size = 16M, instances = 1, chunk size = 16M
2025-01-23 15:46:26 0 [Note] InnoDB: Completed initialization of buffer pool
2025-01-23 15:46:26 0 [Note] InnoDB: 128 out of 128 rollback segments are active.
2025-01-23 15:46:26 0 [Note] InnoDB: Creating shared tablespace for temporary tables
2025-01-23 15:46:26 0 [Note] InnoDB: Setting file 'C:\xampp\mysql\data\ibtmp1' size to 12 MB. Physically writing the file full; Please wait ...
2025-01-23 15:46:26 0 [Note] InnoDB: File 'C:\xampp\mysql\data\ibtmp1' size is now 12 MB.
2025-01-23 15:46:26 0 [Note] InnoDB: Waiting for purge to start
2025-01-23 15:46:26 0 [Note] InnoDB: 10.4.32 started; log sequence number 24872618; transaction id 13409
2025-01-23 15:46:26 0 [Note] InnoDB: Loading buffer pool(s) from C:\xampp\mysql\data\ib_buffer_pool
2025-01-23 15:46:26 0 [Note] Plugin 'FEEDBACK' is disabled.
2025-01-23 15:46:26 0 [Note] Server socket created on IP: '::'.
2025-01-23 15:46:29 0 [Note] Starting MariaDB 10.4.32-MariaDB source revision c4143f909528e3fab0677a28631d10389354c491 as process 6864
2025-01-23 15:46:29 0 [Note] InnoDB: Mutexes and rw_locks use Windows interlocked functions
2025-01-23 15:46:29 0 [Note] InnoDB: Uses event mutexes
2025-01-23 15:46:29 0 [Note] InnoDB: Compressed tables use zlib 1.3
2025-01-23 15:46:29 0 [Note] InnoDB: Number of pools: 1
2025-01-23 15:46:29 0 [Note] InnoDB: Using SSE2 crc32 instructions
2025-01-23 15:46:29 0 [Note] InnoDB: Initializing buffer pool, total size = 16M, instances = 1, chunk size = 16M
2025-01-23 15:46:29 0 [Note] InnoDB: Completed initialization of buffer pool
2025-01-23 15:46:29 0 [Note] InnoDB: 128 out of 128 rollback segments are active.
2025-01-23 15:46:29 0 [Note] InnoDB: Creating shared tablespace for temporary tables
2025-01-23 15:46:29 0 [Note] InnoDB: Setting file 'C:\xampp\mysql\data\ibtmp1' size to 12 MB. Physically writing the file full; Please wait ...
2025-01-23 15:46:29 0 [Note] InnoDB: File 'C:\xampp\mysql\data\ibtmp1' size is now 12 MB.
2025-01-23 15:46:29 0 [Note] InnoDB: Waiting for purge to start
2025-01-23 15:46:29 0 [Note] InnoDB: 10.4.32 started; log sequence number 24872627; transaction id 13409
2025-01-23 15:46:29 0 [Note] InnoDB: Loading buffer pool(s) from C:\xampp\mysql\data\ib_buffer_pool
2025-01-23 15:46:29 0 [Note] Plugin 'FEEDBACK' is disabled.
2025-01-23 15:46:29 0 [Note] Server socket created on IP: '::'.
2025-01-23 15:46:36 0 [Note] Starting MariaDB 10.4.32-MariaDB source revision c4143f909528e3fab0677a28631d10389354c491 as process 16268
2025-01-23 15:46:36 0 [Note] InnoDB: Mutexes and rw_locks use Windows interlocked functions
2025-01-23 15:46:36 0 [Note] InnoDB: Uses event mutexes
2025-01-23 15:46:36 0 [Note] InnoDB: Compressed tables use zlib 1.3
2025-01-23 15:46:36 0 [Note] InnoDB: Number of pools: 1
2025-01-23 15:46:36 0 [Note] InnoDB: Using SSE2 crc32 instructions
2025-01-23 15:46:36 0 [Note] InnoDB: Initializing buffer pool, total size = 16M, instances = 1, chunk size = 16M
2025-01-23 15:46:36 0 [Note] InnoDB: Completed initialization of buffer pool
2025-01-23 15:46:36 0 [Note] InnoDB: 128 out of 128 rollback segments are active.
2025-01-23 15:46:36 0 [Note] InnoDB: Creating shared tablespace for temporary tables
2025-01-23 15:46:36 0 [Note] InnoDB: Setting file 'C:\xampp\mysql\data\ibtmp1' size to 12 MB. Physically writing the file full; Please wait ...
2025-01-23 15:46:36 0 [Note] InnoDB: File 'C:\xampp\mysql\data\ibtmp1' size is now 12 MB.
2025-01-23 15:46:36 0 [Note] InnoDB: Waiting for purge to start
2025-01-23 15:46:36 0 [Note] InnoDB: 10.4.32 started; log sequence number 24872636; transaction id 13409
2025-01-23 15:46:36 0 [Note] InnoDB: Loading buffer pool(s) from C:\xampp\mysql\data\ib_buffer_pool
2025-01-23 15:46:36 0 [Note] Plugin 'FEEDBACK' is disabled.
2025-01-23 15:46:36 0 [Note] Server socket created on IP: '::'.
2025-01-30  8:41:16 0 [Note] Starting MariaDB 10.4.32-MariaDB source revision c4143f909528e3fab0677a28631d10389354c491 as process 14904
2025-01-30  8:41:16 0 [Note] InnoDB: Mutexes and rw_locks use Windows interlocked functions
2025-01-30  8:41:16 0 [Note] InnoDB: Uses event mutexes
2025-01-30  8:41:16 0 [Note] InnoDB: Compressed tables use zlib 1.3
2025-01-30  8:41:16 0 [Note] InnoDB: Number of pools: 1
2025-01-30  8:41:16 0 [Note] InnoDB: Using SSE2 crc32 instructions
2025-01-30  8:41:16 0 [Note] InnoDB: Initializing buffer pool, total size = 16M, instances = 1, chunk size = 16M
2025-01-30  8:41:16 0 [Note] InnoDB: Completed initialization of buffer pool
2025-01-30  8:41:17 0 [Note] InnoDB: 128 out of 128 rollback segments are active.
2025-01-30  8:41:17 0 [Note] InnoDB: Creating shared tablespace for temporary tables
2025-01-30  8:41:17 0 [Note] InnoDB: Setting file 'C:\xampp\mysql\data\ibtmp1' size to 12 MB. Physically writing the file full; Please wait ...
2025-01-30  8:41:17 0 [Note] InnoDB: File 'C:\xampp\mysql\data\ibtmp1' size is now 12 MB.
2025-01-30  8:41:17 0 [Note] InnoDB: Waiting for purge to start
2025-01-30  8:41:17 0 [Note] InnoDB: 10.4.32 started; log sequence number 24872645; transaction id 13409
2025-01-30  8:41:17 0 [Note] InnoDB: Loading buffer pool(s) from C:\xampp\mysql\data\ib_buffer_pool
2025-01-30  8:41:17 0 [Note] Plugin 'FEEDBACK' is disabled.
2025-01-30  8:41:17 0 [Note] InnoDB: Buffer pool(s) load completed at 250130  8:41:17
2025-01-30  8:41:17 0 [Note] Server socket created on IP: '::'.
2025-01-30  8:41:22 0 [Note] Starting MariaDB 10.4.32-MariaDB source revision c4143f909528e3fab0677a28631d10389354c491 as process 13612
2025-01-30  8:41:22 0 [Note] InnoDB: Mutexes and rw_locks use Windows interlocked functions
2025-01-30  8:41:22 0 [Note] InnoDB: Uses event mutexes
2025-01-30  8:41:22 0 [Note] InnoDB: Compressed tables use zlib 1.3
2025-01-30  8:41:22 0 [Note] InnoDB: Number of pools: 1
2025-01-30  8:41:22 0 [Note] InnoDB: Using SSE2 crc32 instructions
2025-01-30  8:41:22 0 [Note] InnoDB: Initializing buffer pool, total size = 16M, instances = 1, chunk size = 16M
2025-01-30  8:41:22 0 [Note] InnoDB: Completed initialization of buffer pool
2025-01-30  8:41:23 0 [Note] InnoDB: 128 out of 128 rollback segments are active.
2025-01-30  8:41:23 0 [Note] InnoDB: Creating shared tablespace for temporary tables
2025-01-30  8:41:23 0 [Note] InnoDB: Setting file 'C:\xampp\mysql\data\ibtmp1' size to 12 MB. Physically writing the file full; Please wait ...
2025-01-30  8:41:23 0 [Note] InnoDB: File 'C:\xampp\mysql\data\ibtmp1' size is now 12 MB.
2025-01-30  8:41:23 0 [Note] InnoDB: Waiting for purge to start
2025-01-30  8:41:23 0 [Note] InnoDB: 10.4.32 started; log sequence number 24872654; transaction id 13409
2025-01-30  8:41:23 0 [Note] InnoDB: Loading buffer pool(s) from C:\xampp\mysql\data\ib_buffer_pool
2025-01-30  8:41:23 0 [Note] Plugin 'FEEDBACK' is disabled.
2025-01-30  8:41:23 0 [Note] Server socket created on IP: '::'.
2025-01-30  8:43:48 0 [Note] Starting MariaDB 10.4.32-MariaDB source revision c4143f909528e3fab0677a28631d10389354c491 as process 11952
2025-01-30  8:43:48 0 [Note] InnoDB: Mutexes and rw_locks use Windows interlocked functions
2025-01-30  8:43:48 0 [Note] InnoDB: Uses event mutexes
2025-01-30  8:43:48 0 [Note] InnoDB: Compressed tables use zlib 1.3
2025-01-30  8:43:48 0 [Note] InnoDB: Number of pools: 1
2025-01-30  8:43:48 0 [Note] InnoDB: Using SSE2 crc32 instructions
2025-01-30  8:43:48 0 [Note] InnoDB: Initializing buffer pool, total size = 16M, instances = 1, chunk size = 16M
2025-01-30  8:43:48 0 [Note] InnoDB: Completed initialization of buffer pool
2025-01-30  8:43:48 0 [Note] InnoDB: 128 out of 128 rollback segments are active.
2025-01-30  8:43:48 0 [Note] InnoDB: Creating shared tablespace for temporary tables
2025-01-30  8:43:48 0 [Note] InnoDB: Setting file 'C:\xampp\mysql\data\ibtmp1' size to 12 MB. Physically writing the file full; Please wait ...
2025-01-30  8:43:48 0 [Note] InnoDB: File 'C:\xampp\mysql\data\ibtmp1' size is now 12 MB.
2025-01-30  8:43:48 0 [Note] InnoDB: Waiting for purge to start
2025-01-30  8:43:48 0 [Note] InnoDB: 10.4.32 started; log sequence number 24872663; transaction id 13409
2025-01-30  8:43:48 0 [Note] InnoDB: Loading buffer pool(s) from C:\xampp\mysql\data\ib_buffer_pool
2025-01-30  8:43:48 0 [Note] Plugin 'FEEDBACK' is disabled.
2025-01-30  8:43:48 0 [Note] Server socket created on IP: '::'.
2025-01-30  8:43:55 0 [Note] Starting MariaDB 10.4.32-MariaDB source revision c4143f909528e3fab0677a28631d10389354c491 as process 2592
2025-01-30  8:43:55 0 [Note] InnoDB: Mutexes and rw_locks use Windows interlocked functions
2025-01-30  8:43:55 0 [Note] InnoDB: Uses event mutexes
2025-01-30  8:43:55 0 [Note] InnoDB: Compressed tables use zlib 1.3
2025-01-30  8:43:55 0 [Note] InnoDB: Number of pools: 1
2025-01-30  8:43:55 0 [Note] InnoDB: Using SSE2 crc32 instructions
2025-01-30  8:43:55 0 [Note] InnoDB: Initializing buffer pool, total size = 16M, instances = 1, chunk size = 16M
2025-01-30  8:43:55 0 [Note] InnoDB: Completed initialization of buffer pool
2025-01-30  8:43:55 0 [Note] InnoDB: 128 out of 128 rollback segments are active.
2025-01-30  8:43:55 0 [Note] InnoDB: Removed temporary tablespace data file: "ibtmp1"
2025-01-30  8:43:55 0 [Note] InnoDB: Creating shared tablespace for temporary tables
2025-01-30  8:43:55 0 [Note] InnoDB: Setting file 'C:\xampp\mysql\data\ibtmp1' size to 12 MB. Physically writing the file full; Please wait ...
2025-01-30  8:43:55 0 [Note] InnoDB: File 'C:\xampp\mysql\data\ibtmp1' size is now 12 MB.
2025-01-30  8:43:55 0 [Note] InnoDB: Waiting for purge to start
2025-01-30  8:43:55 0 [Note] InnoDB: 10.4.32 started; log sequence number 24872672; transaction id 13409
2025-01-30  8:43:55 0 [Note] InnoDB: Loading buffer pool(s) from C:\xampp\mysql\data\ib_buffer_pool
2025-01-30  8:43:55 0 [Note] Plugin 'FEEDBACK' is disabled.
2025-01-30  8:43:55 0 [Note] Server socket created on IP: '::'.
